{"contracts/access/AccessManager.sol":{"l":{"15":0,"16":0,"20":0,"21":0,"25":0,"26":0,"30":0,"31":0,"35":0,"36":0,"40":0,"41":0},"path":"/Users/irfangedik/Desktop/sozlesme_deneme/USDTg_UltraSecureToken/contracts/access/AccessManager.sol","s":{"1":0,"2":0,"3":0,"4":0,"5":0,"6":0},"b":{"1":[0,0],"2":[0,0],"3":[0,0],"4":[0,0],"5":[0,0],"6":[0,0],"7":[0,0],"8":[0,0],"9":[0,0]},"f":{"1":0,"2":0,"3":0,"4":0,"5":0,"6":0},"fnMap":{"1":{"name":"onlyGovernance","line":14,"loc":{"start":{"line":14,"column":4},"end":{"line":17,"column":4}}},"2":{"name":"onlyMultisig","line":19,"loc":{"start":{"line":19,"column":4},"end":{"line":22,"column":4}}},"3":{"name":"onlyTimelock","line":24,"loc":{"start":{"line":24,"column":4},"end":{"line":27,"column":4}}},"4":{"name":"setGovernanceExecutor","line":29,"loc":{"start":{"line":29,"column":4},"end":{"line":32,"column":4}}},"5":{"name":"setMultisig","line":34,"loc":{"start":{"line":34,"column":4},"end":{"line":37,"column":4}}},"6":{"name":"setTimelock","line":39,"loc":{"start":{"line":39,"column":4},"end":{"line":42,"column":4}}}},"statementMap":{"1":{"start":{"line":15,"column":8},"end":{"line":15,"column":75}},"2":{"start":{"line":20,"column":8},"end":{"line":20,"column":54}},"3":{"start":{"line":25,"column":8},"end":{"line":25,"column":54}},"4":{"start":{"line":30,"column":8},"end":{"line":30,"column":57}},"5":{"start":{"line":35,"column":8},"end":{"line":35,"column":55}},"6":{"start":{"line":40,"column":8},"end":{"line":40,"column":58}}},"branchMap":{"1":{"line":15,"type":"if","locations":[{"start":{"line":15,"column":8},"end":{"line":15,"column":8}},{"start":{"line":15,"column":8},"end":{"line":15,"column":8}}]},"2":{"line":20,"type":"if","locations":[{"start":{"line":20,"column":8},"end":{"line":20,"column":8}},{"start":{"line":20,"column":8},"end":{"line":20,"column":8}}]},"3":{"line":25,"type":"if","locations":[{"start":{"line":25,"column":8},"end":{"line":25,"column":8}},{"start":{"line":25,"column":8},"end":{"line":25,"column":8}}]},"4":{"line":29,"type":"if","locations":[{"start":{"line":29,"column":62},"end":{"line":29,"column":62}},{"start":{"line":29,"column":62},"end":{"line":29,"column":62}}]},"5":{"line":30,"type":"if","locations":[{"start":{"line":30,"column":8},"end":{"line":30,"column":8}},{"start":{"line":30,"column":8},"end":{"line":30,"column":8}}]},"6":{"line":34,"type":"if","locations":[{"start":{"line":34,"column":50},"end":{"line":34,"column":50}},{"start":{"line":34,"column":50},"end":{"line":34,"column":50}}]},"7":{"line":35,"type":"if","locations":[{"start":{"line":35,"column":8},"end":{"line":35,"column":8}},{"start":{"line":35,"column":8},"end":{"line":35,"column":8}}]},"8":{"line":39,"type":"if","locations":[{"start":{"line":39,"column":53},"end":{"line":39,"column":53}},{"start":{"line":39,"column":53},"end":{"line":39,"column":53}}]},"9":{"line":40,"type":"if","locations":[{"start":{"line":40,"column":8},"end":{"line":40,"column":8}},{"start":{"line":40,"column":8},"end":{"line":40,"column":8}}]}}},"contracts/core/ERC20Core.sol":{"l":{"23":38,"30":0,"37":39,"44":39},"path":"/Users/irfangedik/Desktop/sozlesme_deneme/USDTg_UltraSecureToken/contracts/core/ERC20Core.sol","s":{"1":38,"2":0,"3":39,"4":39},"b":{},"f":{"1":37,"2":38,"3":0,"4":39,"5":39},"fnMap":{"1":{"name":"constructor","line":15,"loc":{"start":{"line":11,"column":4},"end":{"line":16,"column":5}}},"2":{"name":"_mint","line":18,"loc":{"start":{"line":18,"column":4},"end":{"line":24,"column":4}}},"3":{"name":"_burn","line":26,"loc":{"start":{"line":26,"column":4},"end":{"line":31,"column":4}}},"4":{"name":"_afterTokenTransfer","line":33,"loc":{"start":{"line":33,"column":4},"end":{"line":38,"column":4}}},"5":{"name":"_beforeTokenTransfer","line":40,"loc":{"start":{"line":40,"column":4},"end":{"line":45,"column":4}}}},"statementMap":{"1":{"start":{"line":23,"column":8},"end":{"line":23,"column":30}},"2":{"start":{"line":30,"column":8},"end":{"line":30,"column":32}},"3":{"start":{"line":37,"column":8},"end":{"line":37,"column":50}},"4":{"start":{"line":44,"column":8},"end":{"line":44,"column":51}}},"branchMap":{}},"contracts/fees/FeeManager.sol":{"l":{"12":0,"19":0,"20":0,"22":0,"23":0,"28":0},"path":"/Users/irfangedik/Desktop/sozlesme_deneme/USDTg_UltraSecureToken/contracts/fees/FeeManager.sol","s":{"1":0,"2":0},"b":{"1":[0,0]},"f":{"1":0,"2":0},"fnMap":{"1":{"name":"_applyFee","line":11,"loc":{"start":{"line":11,"column":4},"end":{"line":25,"column":4}}},"2":{"name":"isFeeExempt","line":27,"loc":{"start":{"line":27,"column":4},"end":{"line":29,"column":4}}}},"statementMap":{"1":{"start":{"line":12,"column":8},"end":{"line":12,"column":419}},"2":{"start":{"line":28,"column":8},"end":{"line":28,"column":35}}},"branchMap":{"1":{"line":12,"type":"if","locations":[{"start":{"line":12,"column":8},"end":{"line":12,"column":8}},{"start":{"line":12,"column":8},"end":{"line":12,"column":8}}]}}},"contracts/governance/GovernanceManager.sol":{"l":{"8":0},"path":"/Users/irfangedik/Desktop/sozlesme_deneme/USDTg_UltraSecureToken/contracts/governance/GovernanceManager.sol","s":{"1":0},"b":{},"f":{"1":0},"fnMap":{"1":{"name":"createProposal","line":7,"loc":{"start":{"line":7,"column":4},"end":{"line":9,"column":4}}}},"statementMap":{"1":{"start":{"line":8,"column":8},"end":{"line":8,"column":146}}},"branchMap":{}},"contracts/Lock.sol":{"l":{"14":2,"19":1,"20":1,"27":5,"28":4,"30":3,"32":3},"path":"/Users/irfangedik/Desktop/sozlesme_deneme/USDTg_UltraSecureToken/contracts/Lock.sol","s":{"1":2,"2":5,"3":4,"4":3,"5":3},"b":{"1":[1,1],"2":[4,1],"3":[3,1]},"f":{"1":2,"2":5},"fnMap":{"1":{"name":"constructor","line":13,"loc":{"start":{"line":13,"column":4},"end":{"line":21,"column":4}}},"2":{"name":"withdraw","line":23,"loc":{"start":{"line":23,"column":4},"end":{"line":33,"column":4}}}},"statementMap":{"1":{"start":{"line":14,"column":8},"end":{"line":14,"column":328}},"2":{"start":{"line":27,"column":8},"end":{"line":27,"column":71}},"3":{"start":{"line":28,"column":8},"end":{"line":28,"column":59}},"4":{"start":{"line":30,"column":8},"end":{"line":30,"column":63}},"5":{"start":{"line":32,"column":8},"end":{"line":32,"column":44}}},"branchMap":{"1":{"line":14,"type":"if","locations":[{"start":{"line":14,"column":8},"end":{"line":14,"column":8}},{"start":{"line":14,"column":8},"end":{"line":14,"column":8}}]},"2":{"line":27,"type":"if","locations":[{"start":{"line":27,"column":8},"end":{"line":27,"column":8}},{"start":{"line":27,"column":8},"end":{"line":27,"column":8}}]},"3":{"line":28,"type":"if","locations":[{"start":{"line":28,"column":8},"end":{"line":28,"column":8}},{"start":{"line":28,"column":8},"end":{"line":28,"column":8}}]}}},"contracts/metadata/MetadataManager.sol":{"l":{"14":0,"15":0,"16":0,"20":0,"24":0,"28":0,"32":0},"path":"/Users/irfangedik/Desktop/sozlesme_deneme/USDTg_UltraSecureToken/contracts/metadata/MetadataManager.sol","s":{"1":0,"2":0},"b":{},"f":{"1":0,"2":0,"3":0,"4":0,"5":0},"fnMap":{"1":{"name":"updateMetadata","line":13,"loc":{"start":{"line":13,"column":4},"end":{"line":17,"column":4}}},"2":{"name":"updateContractURI","line":19,"loc":{"start":{"line":19,"column":4},"end":{"line":21,"column":4}}},"3":{"name":"setLocalizedDescription","line":23,"loc":{"start":{"line":23,"column":4},"end":{"line":25,"column":4}}},"4":{"name":"getLocalizedDescription","line":27,"loc":{"start":{"line":27,"column":4},"end":{"line":29,"column":4}}},"5":{"name":"metadataURI","line":31,"loc":{"start":{"line":31,"column":4},"end":{"line":33,"column":4}}}},"statementMap":{"1":{"start":{"line":28,"column":8},"end":{"line":28,"column":42}},"2":{"start":{"line":32,"column":8},"end":{"line":32,"column":46}}},"branchMap":{}},"contracts/security/SecurityManager.sol":{"l":{"22":0,"23":0,"27":0,"28":0,"32":0,"33":0,"34":0,"38":0,"39":0,"40":0,"44":0,"48":0,"49":0,"50":0,"51":0,"52":0,"57":0},"path":"/Users/irfangedik/Desktop/sozlesme_deneme/USDTg_UltraSecureToken/contracts/security/SecurityManager.sol","s":{"1":0,"2":0,"3":0,"4":0,"5":0,"6":0,"7":0,"8":0,"9":0,"10":0,"11":0},"b":{"1":[0,0],"2":[0,0],"3":[0,0],"4":[0,0],"5":[0,0],"6":[0,0],"7":[0,0]},"f":{"1":0,"2":0,"3":0,"4":0,"5":0,"6":0,"7":0},"fnMap":{"1":{"name":"_blacklistUser","line":21,"loc":{"start":{"line":21,"column":4},"end":{"line":24,"column":4}}},"2":{"name":"_removeFromBlacklist","line":26,"loc":{"start":{"line":26,"column":4},"end":{"line":29,"column":4}}},"3":{"name":"lockTokens","line":31,"loc":{"start":{"line":31,"column":4},"end":{"line":35,"column":4}}},"4":{"name":"unlockTokens","line":37,"loc":{"start":{"line":37,"column":4},"end":{"line":41,"column":4}}},"5":{"name":"lockWallet","line":43,"loc":{"start":{"line":43,"column":4},"end":{"line":45,"column":4}}},"6":{"name":"_checkTransferRestrictions","line":47,"loc":{"start":{"line":47,"column":4},"end":{"line":54,"column":4}}},"7":{"name":"_updateLastTransfer","line":56,"loc":{"start":{"line":56,"column":4},"end":{"line":58,"column":4}}}},"statementMap":{"1":{"start":{"line":23,"column":8},"end":{"line":23,"column":36}},"2":{"start":{"line":28,"column":8},"end":{"line":28,"column":37}},"3":{"start":{"line":32,"column":8},"end":{"line":32,"column":71}},"4":{"start":{"line":34,"column":8},"end":{"line":34,"column":59}},"5":{"start":{"line":38,"column":8},"end":{"line":38,"column":87}},"6":{"start":{"line":40,"column":8},"end":{"line":40,"column":36}},"7":{"start":{"line":48,"column":8},"end":{"line":48,"column":69}},"8":{"start":{"line":49,"column":8},"end":{"line":49,"column":53}},"9":{"start":{"line":50,"column":8},"end":{"line":50,"column":85}},"10":{"start":{"line":51,"column":8},"end":{"line":51,"column":1923}},"11":{"start":{"line":52,"column":12},"end":{"line":52,"column":92}}},"branchMap":{"1":{"line":32,"type":"if","locations":[{"start":{"line":32,"column":8},"end":{"line":32,"column":8}},{"start":{"line":32,"column":8},"end":{"line":32,"column":8}}]},"2":{"line":38,"type":"if","locations":[{"start":{"line":38,"column":8},"end":{"line":38,"column":8}},{"start":{"line":38,"column":8},"end":{"line":38,"column":8}}]},"3":{"line":48,"type":"if","locations":[{"start":{"line":48,"column":8},"end":{"line":48,"column":8}},{"start":{"line":48,"column":8},"end":{"line":48,"column":8}}]},"4":{"line":49,"type":"if","locations":[{"start":{"line":49,"column":8},"end":{"line":49,"column":8}},{"start":{"line":49,"column":8},"end":{"line":49,"column":8}}]},"5":{"line":50,"type":"if","locations":[{"start":{"line":50,"column":8},"end":{"line":50,"column":8}},{"start":{"line":50,"column":8},"end":{"line":50,"column":8}}]},"6":{"line":51,"type":"if","locations":[{"start":{"line":51,"column":8},"end":{"line":51,"column":8}},{"start":{"line":51,"column":8},"end":{"line":51,"column":8}}]},"7":{"line":52,"type":"if","locations":[{"start":{"line":52,"column":12},"end":{"line":52,"column":12}},{"start":{"line":52,"column":12},"end":{"line":52,"column":12}}]}}},"contracts/stablecoin/StablecoinManager.sol":{"l":{"16":0,"17":0,"21":0,"22":0,"23":0,"27":0,"28":0,"29":0,"30":0,"32":0,"33":0,"34":0,"40":0},"path":"/Users/irfangedik/Desktop/sozlesme_deneme/USDTg_UltraSecureToken/contracts/stablecoin/StablecoinManager.sol","s":{"1":0,"2":0,"3":0,"4":0,"5":0,"6":0,"7":0,"8":0,"9":0,"10":0,"11":0},"b":{"1":[0,0],"2":[0,0],"3":[0,0],"4":[0,0]},"f":{"1":0,"2":0,"3":0,"4":0},"fnMap":{"1":{"name":"setStableTokenWhitelist","line":15,"loc":{"start":{"line":15,"column":4},"end":{"line":18,"column":4}}},"2":{"name":"setUSDPrice","line":20,"loc":{"start":{"line":20,"column":4},"end":{"line":24,"column":4}}},"3":{"name":"buyTokenWithStable","line":26,"loc":{"start":{"line":26,"column":4},"end":{"line":35,"column":4}}},"4":{"name":"getUsdPricePerToken","line":39,"loc":{"start":{"line":39,"column":4},"end":{"line":41,"column":4}}}},"statementMap":{"1":{"start":{"line":17,"column":8},"end":{"line":17,"column":51}},"2":{"start":{"line":21,"column":8},"end":{"line":21,"column":54}},"3":{"start":{"line":23,"column":8},"end":{"line":23,"column":35}},"4":{"start":{"line":27,"column":8},"end":{"line":27,"column":53}},"5":{"start":{"line":28,"column":8},"end":{"line":28,"column":77}},"6":{"start":{"line":29,"column":8},"end":{"line":29,"column":69}},"7":{"start":{"line":30,"column":8},"end":{"line":30,"column":108}},"8":{"start":{"line":32,"column":8},"end":{"line":32,"column":112}},"9":{"start":{"line":33,"column":8},"end":{"line":33,"column":41}},"10":{"start":{"line":34,"column":8},"end":{"line":34,"column":70}},"11":{"start":{"line":40,"column":8},"end":{"line":40,"column":31}}},"branchMap":{"1":{"line":21,"type":"if","locations":[{"start":{"line":21,"column":8},"end":{"line":21,"column":8}},{"start":{"line":21,"column":8},"end":{"line":21,"column":8}}]},"2":{"line":27,"type":"if","locations":[{"start":{"line":27,"column":8},"end":{"line":27,"column":8}},{"start":{"line":27,"column":8},"end":{"line":27,"column":8}}]},"3":{"line":28,"type":"if","locations":[{"start":{"line":28,"column":8},"end":{"line":28,"column":8}},{"start":{"line":28,"column":8},"end":{"line":28,"column":8}}]},"4":{"line":30,"type":"if","locations":[{"start":{"line":30,"column":8},"end":{"line":30,"column":8}},{"start":{"line":30,"column":8},"end":{"line":30,"column":8}}]}}},"contracts/USDExchangeToken.sol":{"l":{"17":37,"18":37,"19":37,"20":37,"21":37,"26":38,"30":1,"34":0,"38":0,"42":0,"46":0,"47":0},"path":"/Users/irfangedik/Desktop/sozlesme_deneme/USDTg_UltraSecureToken/contracts/USDExchangeToken.sol","s":{"1":37,"2":37,"3":37,"4":38,"5":1,"6":0,"7":0,"8":0},"b":{"1":[1,0],"2":[0,0],"3":[0,0],"4":[0,0],"5":[0,0]},"f":{"1":37,"2":38,"3":1,"4":0,"5":0,"6":0,"7":0},"fnMap":{"1":{"name":"constructor","line":15,"loc":{"start":{"line":14,"column":4},"end":{"line":22,"column":4}}},"2":{"name":"_mint","line":25,"loc":{"start":{"line":25,"column":4},"end":{"line":27,"column":4}}},"3":{"name":"mint","line":29,"loc":{"start":{"line":29,"column":4},"end":{"line":31,"column":4}}},"4":{"name":"setFee","line":33,"loc":{"start":{"line":33,"column":4},"end":{"line":35,"column":4}}},"5":{"name":"blacklist","line":37,"loc":{"start":{"line":37,"column":4},"end":{"line":39,"column":4}}},"6":{"name":"removeFromBlacklist","line":41,"loc":{"start":{"line":41,"column":4},"end":{"line":43,"column":4}}},"7":{"name":"setBlacklistStatus","line":45,"loc":{"start":{"line":45,"column":4},"end":{"line":48,"column":4}}}},"statementMap":{"1":{"start":{"line":17,"column":8},"end":{"line":17,"column":50}},"2":{"start":{"line":18,"column":8},"end":{"line":18,"column":49}},"3":{"start":{"line":19,"column":8},"end":{"line":19,"column":42}},"4":{"start":{"line":26,"column":8},"end":{"line":26,"column":35}},"5":{"start":{"line":30,"column":8},"end":{"line":30,"column":24}},"6":{"start":{"line":38,"column":4},"end":{"line":38,"column":33}},"7":{"start":{"line":42,"column":8},"end":{"line":42,"column":38}},"8":{"start":{"line":47,"column":8},"end":{"line":47,"column":40}}},"branchMap":{"1":{"line":29,"type":"if","locations":[{"start":{"line":29,"column":53},"end":{"line":29,"column":53}},{"start":{"line":29,"column":53},"end":{"line":29,"column":53}}]},"2":{"line":33,"type":"if","locations":[{"start":{"line":33,"column":48},"end":{"line":33,"column":48}},{"start":{"line":33,"column":48},"end":{"line":33,"column":48}}]},"3":{"line":37,"type":"if","locations":[{"start":{"line":37,"column":44},"end":{"line":37,"column":44}},{"start":{"line":37,"column":44},"end":{"line":37,"column":44}}]},"4":{"line":41,"type":"if","locations":[{"start":{"line":41,"column":54},"end":{"line":41,"column":54}},{"start":{"line":41,"column":54},"end":{"line":41,"column":54}}]},"5":{"line":45,"type":"if","locations":[{"start":{"line":45,"column":68},"end":{"line":45,"column":68}},{"start":{"line":45,"column":68},"end":{"line":45,"column":68}}]}}},"contracts/vesting/VestingManager.sol":{"l":{"12":0,"13":0,"14":0,"15":0,"19":0,"20":0,"21":0,"22":0},"path":"/Users/irfangedik/Desktop/sozlesme_deneme/USDTg_UltraSecureToken/contracts/vesting/VestingManager.sol","s":{"1":0,"2":0,"3":0,"4":0,"5":0,"6":0,"7":0},"b":{"1":[0,0],"2":[0,0]},"f":{"1":0,"2":0},"fnMap":{"1":{"name":"createVestingWallet","line":11,"loc":{"start":{"line":11,"column":4},"end":{"line":16,"column":4}}},"2":{"name":"getVestingWallet","line":18,"loc":{"start":{"line":18,"column":4},"end":{"line":23,"column":4}}}},"statementMap":{"1":{"start":{"line":12,"column":8},"end":{"line":12,"column":60}},"2":{"start":{"line":13,"column":8},"end":{"line":13,"column":106}},"3":{"start":{"line":15,"column":8},"end":{"line":15,"column":57}},"4":{"start":{"line":19,"column":8},"end":{"line":19,"column":51}},"5":{"start":{"line":20,"column":8},"end":{"line":20,"column":63}},"6":{"start":{"line":21,"column":8},"end":{"line":21,"column":65}},"7":{"start":{"line":22,"column":8},"end":{"line":22,"column":107}}},"branchMap":{"1":{"line":12,"type":"if","locations":[{"start":{"line":12,"column":8},"end":{"line":12,"column":8}},{"start":{"line":12,"column":8},"end":{"line":12,"column":8}}]},"2":{"line":20,"type":"if","locations":[{"start":{"line":20,"column":8},"end":{"line":20,"column":8}},{"start":{"line":20,"column":8},"end":{"line":20,"column":8}}]}}}}